<?xml version="1.0" encoding="UTF-8" ?>
<testsuite failures="0" time="0.014" errors="1" skipped="0" tests="1" name="kr.ac.jejuuniv.UserServiceTest">
  <properties>
[...]
</properties>
  <testcase time="0.014" classname="kr.ac.jejuuniv.UserServiceTest" name="initializationError">
    <error message="org/springframework/core/annotation/AnnotatedElementUtils" type="java.lang.NoClassDefFoundError">java.lang.NoClassDefFoundError: org/springframework/core/annotation/AnnotatedElementUtils
	at org.springframework.test.context.MetaAnnotationUtils$AnnotationDescriptor.&lt;init&gt;(MetaAnnotationUtils.java:305)
	at org.springframework.test.context.MetaAnnotationUtils$UntypedAnnotationDescriptor.&lt;init&gt;(MetaAnnotationUtils.java:367)
	at org.springframework.test.context.MetaAnnotationUtils$UntypedAnnotationDescriptor.&lt;init&gt;(MetaAnnotationUtils.java:362)
	at org.springframework.test.context.MetaAnnotationUtils.findAnnotationDescriptorForTypes(MetaAnnotationUtils.java:207)
	at org.springframework.test.context.MetaAnnotationUtils.findAnnotationDescriptorForTypes(MetaAnnotationUtils.java:180)
	at org.springframework.test.context.ContextLoaderUtils.buildMergedContextConfiguration(ContextLoaderUtils.java:622)
	at org.springframework.test.context.DefaultTestContext.&lt;init&gt;(DefaultTestContext.java:93)
	at org.springframework.test.context.TestContextManager.&lt;init&gt;(TestContextManager.java:122)
	at org.springframework.test.context.junit4.SpringJUnit4ClassRunner.createTestContextManager(SpringJUnit4ClassRunner.java:118)
	at org.springframework.test.context.junit4.SpringJUnit4ClassRunner.&lt;init&gt;(SpringJUnit4ClassRunner.java:107)
	at sun.reflect.NativeConstructorAccessorImpl.newInstance0(Native Method)
	at sun.reflect.NativeConstructorAccessorImpl.newInstance(NativeConstructorAccessorImpl.java:39)
	at sun.reflect.DelegatingConstructorAccessorImpl.newInstance(DelegatingConstructorAccessorImpl.java:27)
	at java.lang.reflect.Constructor.newInstance(Constructor.java:513)
	at org.junit.internal.builders.AnnotatedBuilder.buildRunner(AnnotatedBuilder.java:31)
	at org.junit.internal.builders.AnnotatedBuilder.runnerForClass(AnnotatedBuilder.java:24)
	at org.junit.runners.model.RunnerBuilder.safeRunnerForClass(RunnerBuilder.java:57)
	at org.junit.internal.builders.AllDefaultPossibilitiesBuilder.runnerForClass(AllDefaultPossibilitiesBuilder.java:29)
	at org.junit.runners.model.RunnerBuilder.safeRunnerForClass(RunnerBuilder.java:57)
	at org.junit.internal.requests.ClassRequest.getRunner(ClassRequest.java:24)
	at org.apache.maven.surefire.junit4.JUnit4Provider.execute(JUnit4Provider.java:250)
	at org.apache.maven.surefire.junit4.JUnit4Provider.executeTestSet(JUnit4Provider.java:141)
	at org.apache.maven.surefire.junit4.JUnit4Provider.invoke(JUnit4Provider.java:112)
	at sun.reflect.NativeMethodAccessorImpl.invoke0(Native Method)
	at sun.reflect.NativeMethodAccessorImpl.invoke(NativeMethodAccessorImpl.java:39)
	at sun.reflect.DelegatingMethodAccessorImpl.invoke(DelegatingMethodAccessorImpl.java:25)
	at java.lang.reflect.Method.invoke(Method.java:597)
	at org.apache.maven.surefire.util.ReflectionUtils.invokeMethodWithArray(ReflectionUtils.java:189)
	at org.apache.maven.surefire.booter.ProviderFactory$ProviderProxy.invoke(ProviderFactory.java:165)
	at org.apache.maven.surefire.booter.ProviderFactory.invokeProvider(ProviderFactory.java:85)
	at org.apache.maven.surefire.booter.ForkedBooter.runSuitesInProcess(ForkedBooter.java:115)
	at org.apache.maven.surefire.booter.ForkedBooter.main(ForkedBooter.java:75)
Caused by: java.lang.ClassNotFoundException: org.springframework.core.annotation.AnnotatedElementUtils
	at java.net.URLClassLoader$1.run(URLClassLoader.java:202)
	at java.security.AccessController.doPrivileged(Native Method)
	at java.net.URLClassLoader.findClass(URLClassLoader.java:190)
	at java.lang.ClassLoader.loadClass(ClassLoader.java:306)
	at sun.misc.Launcher$AppClassLoader.loadClass(Launcher.java:301)
	at java.lang.ClassLoader.loadClass(ClassLoader.java:247)
	... 32 more
</error>
  </testcase>
</testsuite>